# drglas/Articles.lst
#
index|Titel och innehåll|
0612|12 juni|
0614|14 juni|
0615|15 juni|
0618|18 juni|
0619|19 juni|
0621|21 juni|
0622|22 juni|
0623|23 juni|
0628|28 juni|
0702|2 juli|
0705|5 juli|
0706|6 juli på morgonen|
0707|7 juli|
0709|9 juli|
0710|10 juli|
0711|11 juli|
0713|13 juli|
0714|14 juli|
0717|17 juli|
0724|24 juli|
0725|25 juli|
0726|26 juli|
0802|2 augusti|
0803|3 augusti|
0807|7 augusti|
0808|8 augusti|
0809|9 augusti|
0810|10 augusti|
0812|12 augusti|
0813|13 augusti|
0814|14 augusti|
0817|17 augusti|
0821|21 augusti|
0822|22 augusti|
0823|23 augusti|
0824|24 augusti|
0825|25 augusti|
0828|28 augusti|
0827|27 augusti|
0904|4 september|
0907|7 september|
0909|9 september|
0920|20 september|
1007|7 oktober|
#
#
